<?xml version="1.0" encoding="UTF-8"?>
<!-- Generated by org.testng.reporters.JUnitReportReporter -->
<testsuite hostname="DESKTOP-GD0S75V" failures="0" tests="1" name="com.webapptestproject.testcases.ChromeWebStorePageTest" time="14.942" errors="0" timestamp="2022-12-25T20:54:31 GMT-08:00" skipped="0">
  <testcase classname="com.webapptestproject.testcases.ChromeWebStorePageTest" name="validateIfExtensionExist" time="14.942"/>
  <system-out/>
</testsuite> <!-- com.webapptestproject.testcases.ChromeWebStorePageTest -->
