<?xml version="1.0" encoding="UTF-8"?>
<!-- Generated by org.testng.reporters.JUnitReportReporter -->
<testsuite hostname="DESKTOP-GD0S75V" failures="0" tests="1" name="com.webapptestproject.testcases.NegativeTestCase" time="67.923" errors="0" timestamp="2022-12-25T21:23:26 GMT-08:00" skipped="0">
  <testcase classname="com.webapptestproject.testcases.NegativeTestCase" name="validateLanguageErrorsAreNotDetected" time="67.923"/>
  <system-out/>
</testsuite> <!-- com.webapptestproject.testcases.NegativeTestCase -->
