<?xml version="1.0" encoding="UTF-8"?>
<!-- Generated by org.testng.reporters.JUnitReportReporter -->
<testsuite hostname="DESKTOP-GD0S75V" failures="0" tests="1" name="com.webapptestproject.testcases.PositiveTestCase" time="80.720" errors="0" timestamp="2022-12-25T21:23:26 GMT-08:00" skipped="0">
  <testcase classname="com.webapptestproject.testcases.PositiveTestCase" name="checkForErrorReplaement" time="80.720"/>
  <system-out/>
</testsuite> <!-- com.webapptestproject.testcases.PositiveTestCase -->
