<?xml version="1.0" encoding="UTF-8"?>
<!-- Generated by org.testng.reporters.JUnitReportReporter -->
<testsuite hostname="DESKTOP-GD0S75V" failures="0" tests="1" name="com.webapptestproject.testcases.ExtensionPageTest" time="58.319" errors="0" timestamp="2022-12-30T11:35:53 GMT-08:00" skipped="0">
  <testcase classname="com.webapptestproject.testcases.ExtensionPageTest" name="validateIfExtensionInstalled" time="58.319"/>
  <system-out/>
</testsuite> <!-- com.webapptestproject.testcases.ExtensionPageTest -->
